TN:
SF:src/commandBus.ts
FN:65,createCommandBus
FN:72,(anonymous_1)
FN:79,commandBusRoute
FNF:3
FNH:3
FNDA:2,createCommandBus
FNDA:6,(anonymous_1)
FNDA:5,commandBusRoute
DA:65,7
DA:66,2
DA:71,2
DA:76,6
DA:83,5
DA:84,5
DA:85,1
DA:86,1
DA:89,4
DA:91,4
DA:93,4
DA:94,2
DA:99,2
DA:101,2
LF:14
LH:14
BRDA:84,0,0,1
BRDA:93,1,0,2
BRF:2
BRH:2
end_of_record
TN:
SF:src/composeMiddlewares.ts
FN:4,composeMiddlewares
FN:15,runStack
FN:20,next
FNF:3
FNH:3
FNDA:11,composeMiddlewares
FNDA:8,runStack
FNDA:14,next
DA:4,8
DA:5,11
DA:6,1
DA:9,10
DA:10,12
DA:11,1
DA:15,9
DA:18,8
DA:21,14
DA:22,1
DA:25,13
DA:27,13
DA:29,13
DA:30,2
DA:33,11
DA:35,11
DA:38,8
LF:17
LH:17
BRDA:5,0,0,1
BRDA:10,1,0,1
BRDA:21,2,0,1
BRDA:29,3,0,2
BRF:4
BRH:4
end_of_record
TN:
SF:src/createApp.ts
FN:103,createApp
FN:106,use
FN:115,(anonymous_2)
FN:117,(anonymous_3)
FN:123,(anonymous_4)
FN:127,(anonymous_5)
FN:129,(anonymous_6)
FNF:7
FNH:7
FNDA:9,createApp
FNDA:11,use
FNDA:2,(anonymous_2)
FNDA:2,(anonymous_3)
FNDA:9,(anonymous_4)
FNDA:8,(anonymous_5)
FNDA:11,(anonymous_6)
DA:2,7
DA:103,7
DA:104,9
DA:107,11
DA:108,1
DA:111,10
DA:114,9
DA:116,2
DA:118,2
DA:124,9
DA:128,8
DA:130,11
DA:131,11
DA:134,11
DA:139,8
DA:141,8
DA:147,8
DA:149,4
DA:150,1
DA:155,3
LF:20
LH:20
BRDA:107,0,0,1
BRDA:130,1,0,11
BRDA:130,2,0,11
BRDA:130,2,1,4
BRDA:149,3,0,1
BRF:5
BRH:5
end_of_record
TN:
SF:src/index.ts
FNF:0
FNH:0
DA:1,7
DA:2,7
DA:3,7
DA:4,7
LF:4
LH:4
BRF:0
BRH:0
end_of_record
TN:
SF:src/queryBus.ts
FN:69,createQueryBus
FN:76,(anonymous_1)
FN:83,queryBusRoute
FNF:3
FNH:3
FNDA:2,createQueryBus
FNDA:6,(anonymous_1)
FNDA:5,queryBusRoute
DA:69,7
DA:70,2
DA:75,2
DA:80,6
DA:87,5
DA:89,5
DA:90,1
DA:91,1
DA:94,4
DA:96,4
DA:98,4
DA:99,2
DA:104,2
DA:106,2
LF:14
LH:14
BRDA:89,0,0,1
BRDA:98,1,0,2
BRF:2
BRH:2
end_of_record
