TN:
SF:src/composeMiddlewares.ts
FN:4,composeMiddlewares
FN:15,runStack
FN:20,next
FNF:3
FNH:3
FNDA:11,composeMiddlewares
FNDA:8,runStack
FNDA:14,next
DA:4,8
DA:5,11
DA:6,1
DA:9,10
DA:10,13
DA:11,1
DA:15,9
DA:18,8
DA:21,14
DA:22,1
DA:25,13
DA:27,13
DA:29,13
DA:30,2
DA:33,11
DA:35,11
DA:38,8
LF:17
LH:17
BRDA:5,0,0,1
BRDA:10,1,0,1
BRDA:21,2,0,1
BRDA:29,3,0,2
BRF:4
BRH:4
end_of_record
TN:
SF:src/createApp.ts
FN:103,createApp
FN:106,use
FN:115,(anonymous_2)
FN:117,(anonymous_3)
FN:123,(anonymous_4)
FN:127,(anonymous_5)
FN:129,(anonymous_6)
FNF:7
FNH:7
FNDA:9,createApp
FNDA:12,use
FNDA:2,(anonymous_2)
FNDA:2,(anonymous_3)
FNDA:10,(anonymous_4)
FNDA:8,(anonymous_5)
FNDA:12,(anonymous_6)
DA:2,7
DA:103,7
DA:104,9
DA:107,12
DA:108,1
DA:111,11
DA:114,9
DA:116,2
DA:118,2
DA:124,10
DA:128,8
DA:130,12
DA:131,12
DA:134,12
DA:139,8
DA:141,8
DA:147,8
DA:149,4
DA:150,1
DA:155,3
LF:20
LH:20
BRDA:107,0,0,1
BRDA:130,1,0,12
BRDA:130,2,0,12
BRDA:130,2,1,4
BRDA:149,3,0,1
BRF:5
BRH:5
end_of_record
TN:
SF:src/index.ts
FNF:0
FNH:0
DA:1,7
DA:2,7
DA:3,7
LF:3
LH:3
BRF:0
BRH:0
end_of_record
TN:
SF:src/useCaseBus.ts
FN:15,createCommandBus
FN:19,createQueryBus
FN:23,createUseCaseBus
FN:32,useCaseBusRegister
FN:39,useCaseBusRoute
FNF:5
FNH:5
FNDA:2,createCommandBus
FNDA:2,createQueryBus
FNDA:4,createUseCaseBus
FNDA:12,useCaseBusRegister
FNDA:10,useCaseBusRoute
DA:15,7
DA:16,2
DA:19,7
DA:20,2
DA:26,4
DA:31,4
DA:36,12
DA:43,10
DA:44,10
DA:45,2
DA:46,2
DA:49,8
DA:51,8
DA:52,4
DA:57,4
DA:59,4
LF:16
LH:16
BRDA:44,0,0,2
BRDA:51,1,0,4
BRF:2
BRH:2
end_of_record
